<?xml version="1.0" encoding="UTF-8"?>
<!-- Generated by org.testng.reporters.JUnitReportReporter -->
<testsuite hostname="DESKTOP-OOQ7SLD" failures="0" tests="2" name="com.test.GoogleTitleTest" time="10.357" errors="0" timestamp="10 Jul 2018 02:38:22 GMT" skipped="0">
  <testcase classname="com.test.GoogleTitleTest" name="googleLogoTest" time="4.817"/>
  <testcase classname="com.test.GoogleTitleTest" name="googleTitleTest" time="5.540"/>
</testsuite> <!-- com.test.GoogleTitleTest -->
