<?xml version="1.0" encoding="UTF-8"?>
<!-- Generated by org.testng.reporters.JUnitReportReporter -->
<testsuite hostname="DESKTOP-OOQ7SLD" failures="0" tests="1" name="com.DataDrivenTest.EbayTest" time="0.000" errors="0" timestamp="10 Jul 2018 19:39:13 GMT" skipped="1">
  <testcase classname="com.DataDrivenTest.EbayTest" name="ebayRegPageTest" time="0.000">
    <skipped/>
  </testcase> <!-- ebayRegPageTest -->
</testsuite> <!-- com.DataDrivenTest.EbayTest -->
