<?xml version="1.0" encoding="UTF-8"?>
<!-- Generated by org.testng.reporters.JUnitReportReporter -->
<testsuite hostname="DESKTOP-OOQ7SLD" failures="0" tests="6" name="com.test.TestNgBasics" time="29.499" errors="0" timestamp="09 Jul 2018 22:34:22 GMT" skipped="0">
  <testcase classname="com.test.TestNgBasics" name="googleTitleTest" time="5.681"/>
  <testcase classname="com.test.TestNgBasics" name="maillinkTest" time="5.101"/>
  <testcase classname="com.test.TestNgBasics" name="googleLogoTest" time="4.642"/>
  <testcase classname="com.test.TestNgBasics" name="test1" time="4.498"/>
  <testcase classname="com.test.TestNgBasics" name="test2" time="5.064"/>
  <testcase classname="com.test.TestNgBasics" name="test3" time="4.513"/>
</testsuite> <!-- com.test.TestNgBasics -->
