<?xml version="1.0" encoding="UTF-8"?>
<!-- Generated by org.testng.reporters.JUnitReportReporter -->
<testsuite hostname="DESKTOP-OOQ7SLD" failures="0" tests="1" name="com.test.TestNGFeatures" time="0.001" errors="0" timestamp="10 Jul 2018 02:38:22 GMT" skipped="0">
  <testcase classname="com.test.TestNGFeatures" name="loginTest" time="0.001"/>
</testsuite> <!-- com.test.TestNGFeatures -->
